2024-08-09 16:09:34.932 [background-preinit] [34mINFO [0;39m [36mo.h.validator.internal.util.Version[0;39m - HV000001: Hibernate Validator 8.0.1.Final
2024-08-09 16:09:34.962 [main] [34mINFO [0;39m [36mc.g.project2.Project2Application[0;39m - Starting Project2Application using Java 17.0.11 with PID 16184 (C:\Users\whdlf\OneDrive\바탕 화면\SuperCoding\강의\java\project2\build\classes\java\main started by whdlf in C:\Users\whdlf\OneDrive\바탕 화면\SuperCoding\강의\java\project2)
2024-08-09 16:09:34.962 [main] [34mINFO [0;39m [36mc.g.project2.Project2Application[0;39m - The following 1 profile is active: "prod"
2024-08-09 16:09:35.389 [main] [34mINFO [0;39m [36mo.s.d.r.c.RepositoryConfigurationDelegate[0;39m - Multiple Spring Data modules found, entering strict repository configuration mode
2024-08-09 16:09:35.394 [main] [34mINFO [0;39m [36mo.s.d.r.c.RepositoryConfigurationDelegate[0;39m - Bootstrapping Spring Data JPA repositories in DEFAULT mode.
2024-08-09 16:09:35.451 [main] [34mINFO [0;39m [36mo.s.d.r.c.RepositoryConfigurationDelegate[0;39m - Finished Spring Data repository scanning in 51 ms. Found 12 JPA repository interfaces.
2024-08-09 16:09:35.631 [main] [34mINFO [0;39m [36mo.s.d.r.c.RepositoryConfigurationDelegate[0;39m - Multiple Spring Data modules found, entering strict repository configuration mode
2024-08-09 16:09:35.631 [main] [34mINFO [0;39m [36mo.s.d.r.c.RepositoryConfigurationDelegate[0;39m - Bootstrapping Spring Data JDBC repositories in DEFAULT mode.
2024-08-09 16:09:35.647 [main] [34mINFO [0;39m [36mo.s.d.r.c.RepositoryConfigurationExtensionSupport[0;39m - Spring Data JDBC - Could not safely identify store assignment for repository candidate interface com.github.project2.repository.cart.CartItemRepository; If you want this repository to be a JDBC repository, consider annotating your entities with one of these annotations: org.springframework.data.relational.core.mapping.Table.
2024-08-09 16:09:35.647 [main] [34mINFO [0;39m [36mo.s.d.r.c.RepositoryConfigurationExtensionSupport[0;39m - Spring Data JDBC - Could not safely identify store assignment for repository candidate interface com.github.project2.repository.cart.CartRepository; If you want this repository to be a JDBC repository, consider annotating your entities with one of these annotations: org.springframework.data.relational.core.mapping.Table.
2024-08-09 16:09:35.647 [main] [34mINFO [0;39m [36mo.s.d.r.c.RepositoryConfigurationExtensionSupport[0;39m - Spring Data JDBC - Could not safely identify store assignment for repository candidate interface com.github.project2.repository.mypage.UserMyPageProfileImageRepository; If you want this repository to be a JDBC repository, consider annotating your entities with one of these annotations: org.springframework.data.relational.core.mapping.Table.
2024-08-09 16:09:35.647 [main] [34mINFO [0;39m [36mo.s.d.r.c.RepositoryConfigurationExtensionSupport[0;39m - Spring Data JDBC - Could not safely identify store assignment for repository candidate interface com.github.project2.repository.mypage.UserMyPageRepository; If you want this repository to be a JDBC repository, consider annotating your entities with one of these annotations: org.springframework.data.relational.core.mapping.Table.
2024-08-09 16:09:35.647 [main] [34mINFO [0;39m [36mo.s.d.r.c.RepositoryConfigurationExtensionSupport[0;39m - Spring Data JDBC - Could not safely identify store assignment for repository candidate interface com.github.project2.repository.order.OrderRepository; If you want this repository to be a JDBC repository, consider annotating your entities with one of these annotations: org.springframework.data.relational.core.mapping.Table.
2024-08-09 16:09:35.647 [main] [34mINFO [0;39m [36mo.s.d.r.c.RepositoryConfigurationExtensionSupport[0;39m - Spring Data JDBC - Could not safely identify store assignment for repository candidate interface com.github.project2.repository.post.ProductCategoryRepository; If you want this repository to be a JDBC repository, consider annotating your entities with one of these annotations: org.springframework.data.relational.core.mapping.Table.
2024-08-09 16:09:35.647 [main] [34mINFO [0;39m [36mo.s.d.r.c.RepositoryConfigurationExtensionSupport[0;39m - Spring Data JDBC - Could not safely identify store assignment for repository candidate interface com.github.project2.repository.post.ProductDescriptionRepository; If you want this repository to be a JDBC repository, consider annotating your entities with one of these annotations: org.springframework.data.relational.core.mapping.Table.
2024-08-09 16:09:35.648 [main] [34mINFO [0;39m [36mo.s.d.r.c.RepositoryConfigurationExtensionSupport[0;39m - Spring Data JDBC - Could not safely identify store assignment for repository candidate interface com.github.project2.repository.post.ProductImageRepository; If you want this repository to be a JDBC repository, consider annotating your entities with one of these annotations: org.springframework.data.relational.core.mapping.Table.
2024-08-09 16:09:35.648 [main] [34mINFO [0;39m [36mo.s.d.r.c.RepositoryConfigurationExtensionSupport[0;39m - Spring Data JDBC - Could not safely identify store assignment for repository candidate interface com.github.project2.repository.post.ProductRepository; If you want this repository to be a JDBC repository, consider annotating your entities with one of these annotations: org.springframework.data.relational.core.mapping.Table.
2024-08-09 16:09:35.648 [main] [34mINFO [0;39m [36mo.s.d.r.c.RepositoryConfigurationExtensionSupport[0;39m - Spring Data JDBC - Could not safely identify store assignment for repository candidate interface com.github.project2.repository.post.ProductSizeRepository; If you want this repository to be a JDBC repository, consider annotating your entities with one of these annotations: org.springframework.data.relational.core.mapping.Table.
2024-08-09 16:09:35.648 [main] [34mINFO [0;39m [36mo.s.d.r.c.RepositoryConfigurationExtensionSupport[0;39m - Spring Data JDBC - Could not safely identify store assignment for repository candidate interface com.github.project2.repository.user.BlacklistTokenRepository; If you want this repository to be a JDBC repository, consider annotating your entities with one of these annotations: org.springframework.data.relational.core.mapping.Table.
2024-08-09 16:09:35.648 [main] [34mINFO [0;39m [36mo.s.d.r.c.RepositoryConfigurationExtensionSupport[0;39m - Spring Data JDBC - Could not safely identify store assignment for repository candidate interface com.github.project2.repository.user.UserRepository; If you want this repository to be a JDBC repository, consider annotating your entities with one of these annotations: org.springframework.data.relational.core.mapping.Table.
2024-08-09 16:09:35.648 [main] [34mINFO [0;39m [36mo.s.d.r.c.RepositoryConfigurationDelegate[0;39m - Finished Spring Data repository scanning in 16 ms. Found 0 JDBC repository interfaces.
2024-08-09 16:09:36.002 [main] [34mINFO [0;39m [36mo.s.b.w.e.tomcat.TomcatWebServer[0;39m - Tomcat initialized with port 8080 (http)
2024-08-09 16:09:36.009 [main] [34mINFO [0;39m [36mo.a.coyote.http11.Http11NioProtocol[0;39m - Initializing ProtocolHandler ["http-nio-8080"]
2024-08-09 16:09:36.010 [main] [34mINFO [0;39m [36mo.a.catalina.core.StandardService[0;39m - Starting service [Tomcat]
2024-08-09 16:09:36.010 [main] [34mINFO [0;39m [36mo.a.catalina.core.StandardEngine[0;39m - Starting Servlet engine: [Apache Tomcat/10.1.26]
2024-08-09 16:09:36.062 [main] [34mINFO [0;39m [36mo.a.c.c.C.[Tomcat].[localhost].[/][0;39m - Initializing Spring embedded WebApplicationContext
2024-08-09 16:09:36.063 [main] [34mINFO [0;39m [36mo.s.b.w.s.c.ServletWebServerApplicationContext[0;39m - Root WebApplicationContext: initialization completed in 1074 ms
2024-08-09 16:09:36.121 [main] [34mINFO [0;39m [36mo.h.jpa.internal.util.LogHelper[0;39m - HHH000204: Processing PersistenceUnitInfo [name: default]
2024-08-09 16:09:36.174 [main] [34mINFO [0;39m [36morg.hibernate.Version[0;39m - HHH000412: Hibernate ORM core version 6.5.2.Final
2024-08-09 16:09:36.200 [main] [34mINFO [0;39m [36mo.h.c.i.RegionFactoryInitiator[0;39m - HHH000026: Second-level cache disabled
2024-08-09 16:09:36.492 [main] [34mINFO [0;39m [36mo.s.o.j.p.SpringPersistenceUnitInfo[0;39m - No LoadTimeWeaver setup: ignoring JPA class transformer
2024-08-09 16:09:37.519 [main] [34mINFO [0;39m [36mo.h.e.t.j.p.i.JtaPlatformInitiator[0;39m - HHH000489: No JTA platform available (set 'hibernate.transaction.jta.platform' to enable JTA platform integration)
2024-08-09 16:09:37.522 [main] [34mINFO [0;39m [36mo.s.o.j.LocalContainerEntityManagerFactoryBean[0;39m - Initialized JPA EntityManagerFactory for persistence unit 'default'
2024-08-09 16:09:38.213 [main] [31mWARN [0;39m [36mo.s.b.a.o.j.JpaBaseConfiguration$JpaWebConfiguration[0;39m - spring.jpa.open-in-view is enabled by default. Therefore, database queries may be performed during view rendering. Explicitly configure spring.jpa.open-in-view to disable this warning
2024-08-09 16:09:38.234 [main] [34mINFO [0;39m [36mo.s.s.c.a.a.c.InitializeUserDetailsBeanManagerConfigurer$InitializeUserDetailsManagerConfigurer[0;39m - Global AuthenticationManager configured with UserDetailsService bean with name customUserDetailsService
2024-08-09 16:09:39.144 [main] [34mINFO [0;39m [36mo.a.coyote.http11.Http11NioProtocol[0;39m - Starting ProtocolHandler ["http-nio-8080"]
2024-08-09 16:09:39.159 [main] [34mINFO [0;39m [36mo.s.b.w.e.tomcat.TomcatWebServer[0;39m - Tomcat started on port 8080 (http) with context path '/'
2024-08-09 16:09:39.165 [main] [34mINFO [0;39m [36mc.g.project2.Project2Application[0;39m - Started Project2Application in 4.547 seconds (process running for 5.022)
2024-08-09 16:10:15.095 [SpringApplicationShutdownHook] [34mINFO [0;39m [36mo.s.o.j.LocalContainerEntityManagerFactoryBean[0;39m - Closing JPA EntityManagerFactory for persistence unit 'default'
